20:02:02 **** Incremental Build of configuration Debug for project Railroad ****
make all 
Building file: /users/guest/d/dhyer3/Downloads/To Students/Student_Code/Factory.cpp
Invoking: Cross G++ Compiler
g++ -O0 -g3 -Wall -c -fmessage-length=0 -MMD -MP -MF"Factory.d" -MT"Factory.d" -o "Factory.o" "/users/guest/d/dhyer3/Downloads/To Students/Student_Code/Factory.cpp"
In file included from /users/guest/d/dhyer3/Downloads/To Students/Student_Code/Stack.h:2:0,
                 from /users/guest/d/dhyer3/Downloads/To Students/Student_Code/Station.h:3,
                 from /users/guest/d/dhyer3/Downloads/To Students/Student_Code/Factory.cpp:2:
/users/guest/d/dhyer3/Downloads/To Students/Student_Code/Linked_List.h: In member function ‘int LinkedList::at(int)’:
/users/guest/d/dhyer3/Downloads/To Students/Student_Code/Linked_List.h:259:24: warning: converting to non-pointer type ‘int’ from NULL [-Wconversion-null]
   if(index < 0) return NULL;
                        ^
/users/guest/d/dhyer3/Downloads/To Students/Student_Code/Linked_List.h:260:26: warning: converting to non-pointer type ‘int’ from NULL [-Wconversion-null]
   if(number == 0) return NULL;
                          ^
/users/guest/d/dhyer3/Downloads/To Students/Student_Code/Linked_List.h:261:33: warning: converting to non-pointer type ‘int’ from NULL [-Wconversion-null]
   if(index + 1 > number) return NULL;
                                 ^
/users/guest/d/dhyer3/Downloads/To Students/Student_Code/Linked_List.h:268:16: warning: converting to non-pointer type ‘int’ from NULL [-Wconversion-null]
    else return NULL;
                ^
Finished building: /users/guest/d/dhyer3/Downloads/To Students/Student_Code/Factory.cpp
 
Building target: Railroad
Invoking: Cross G++ Linker
g++  -o "Railroad"  ./Deque.o ./Factory.o ./Queue.o ./Stack.o   
/usr/lib/gcc/x86_64-redhat-linux/4.8.2/../../../../lib64/crt1.o: In function `_start':
(.text+0x20): undefined reference to `main'
collect2: error: ld returned 1 exit status
make: *** [Railroad] Error 1

20:02:03 Build Finished (took 416ms)

